C:\USERS\SETSU_000\DOCUMENTS\VISUAL STUDIO 2012\PROJECTS\TSUKUYOMI\TSUKUYOMI\DEBUG\TSUKUYOMI.PCH
C:\USERS\SETSU_000\DOCUMENTS\VISUAL STUDIO 2012\PROJECTS\TSUKUYOMI\TSUKUYOMI\DEBUG\VC110.PDB
C:\USERS\SETSU_000\DOCUMENTS\VISUAL STUDIO 2012\PROJECTS\TSUKUYOMI\TSUKUYOMI\DEBUG\STDAFX.OBJ
C:\USERS\SETSU_000\DOCUMENTS\VISUAL STUDIO 2012\PROJECTS\TSUKUYOMI\TSUKUYOMI\DEBUG\TSUKUYOMI.OBJ
C:\USERS\SETSU_000\DOCUMENTS\VISUAL STUDIO 2012\PROJECTS\TSUKUYOMI\TSUKUYOMI\DEBUG\LOGGER.OBJ
C:\USERS\SETSU_000\DOCUMENTS\VISUAL STUDIO 2012\PROJECTS\TSUKUYOMI\TSUKUYOMI\DEBUG\WINDOW.OBJ
C:\USERS\SETSU_000\DOCUMENTS\VISUAL STUDIO 2012\PROJECTS\TSUKUYOMI\TSUKUYOMI\DEBUG\MAIN.OBJ
C:\USERS\SETSU_000\DOCUMENTS\VISUAL STUDIO 2012\PROJECTS\TSUKUYOMI\TSUKUYOMI\DEBUG\OGL.OBJ
C:\USERS\SETSU_000\DOCUMENTS\VISUAL STUDIO 2012\PROJECTS\TSUKUYOMI\TSUKUYOMI\DEBUG\MODEL.OBJ
C:\USERS\SETSU_000\DOCUMENTS\VISUAL STUDIO 2012\PROJECTS\TSUKUYOMI\TSUKUYOMI\DEBUG\RENDERER.OBJ
C:\USERS\SETSU_000\DOCUMENTS\VISUAL STUDIO 2012\PROJECTS\TSUKUYOMI\TSUKUYOMI\DEBUG\INPUT.OBJ
C:\USERS\SETSU_000\DOCUMENTS\VISUAL STUDIO 2012\PROJECTS\TSUKUYOMI\TSUKUYOMI\DEBUG\COMMAND.OBJ
C:\USERS\SETSU_000\DOCUMENTS\VISUAL STUDIO 2012\PROJECTS\TSUKUYOMI\TSUKUYOMI\DEBUG\INDEXBUFFEROBJECT.OBJ
C:\USERS\SETSU_000\DOCUMENTS\VISUAL STUDIO 2012\PROJECTS\TSUKUYOMI\TSUKUYOMI\DEBUG\VERTEXARRAYOBJECT.OBJ
C:\USERS\SETSU_000\DOCUMENTS\VISUAL STUDIO 2012\PROJECTS\TSUKUYOMI\TSUKUYOMI\DEBUG\VERTEXBUFFEROBJECT.OBJ
C:\USERS\SETSU_000\DOCUMENTS\VISUAL STUDIO 2012\PROJECTS\TSUKUYOMI\TSUKUYOMI\DEBUG\BUFFERDELETER.OBJ
C:\USERS\SETSU_000\DOCUMENTS\VISUAL STUDIO 2012\PROJECTS\TSUKUYOMI\TSUKUYOMI\DEBUG\MESH.OBJ
C:\USERS\SETSU_000\DOCUMENTS\VISUAL STUDIO 2012\PROJECTS\TSUKUYOMI\TSUKUYOMI\DEBUG\EVENTCATCHER.OBJ
C:\USERS\SETSU_000\DOCUMENTS\VISUAL STUDIO 2012\PROJECTS\TSUKUYOMI\TSUKUYOMI\DEBUG\RESOURCEMANAGER.OBJ
C:\USERS\SETSU_000\DOCUMENTS\VISUAL STUDIO 2012\PROJECTS\TSUKUYOMI\TSUKUYOMI\DEBUG\TEXTURE.OBJ
C:\USERS\SETSU_000\DOCUMENTS\VISUAL STUDIO 2012\PROJECTS\TSUKUYOMI\TSUKUYOMI\DEBUG\TEXTUREDELETER.OBJ
C:\USERS\SETSU_000\DOCUMENTS\VISUAL STUDIO 2012\PROJECTS\TSUKUYOMI\TSUKUYOMI\DEBUG\SHADERCLASS.OBJ
C:\USERS\SETSU_000\DOCUMENTS\VISUAL STUDIO 2012\PROJECTS\TSUKUYOMI\TSUKUYOMI\DEBUG\TEXTUREFACTORY.OBJ
C:\USERS\SETSU_000\DOCUMENTS\VISUAL STUDIO 2012\PROJECTS\TSUKUYOMI\TSUKUYOMI\DEBUG\SHADER.OBJ
C:\USERS\SETSU_000\DOCUMENTS\VISUAL STUDIO 2012\PROJECTS\TSUKUYOMI\TSUKUYOMI\DEBUG\SHADERDELETER.OBJ
C:\USERS\SETSU_000\DOCUMENTS\VISUAL STUDIO 2012\PROJECTS\TSUKUYOMI\TSUKUYOMI\DEBUG\SHADERFACTORY.OBJ
C:\USERS\SETSU_000\DOCUMENTS\VISUAL STUDIO 2012\PROJECTS\TSUKUYOMI\TSUKUYOMI\DEBUG\MESHFACTORY.OBJ
C:\USERS\SETSU_000\DOCUMENTS\VISUAL STUDIO 2012\PROJECTS\TSUKUYOMI\TSUKUYOMI\DEBUG\MESHELEMENT.OBJ
C:\USERS\SETSU_000\DOCUMENTS\VISUAL STUDIO 2012\PROJECTS\TSUKUYOMI\DEBUG\TSUKUYOMI.ILK
C:\USERS\SETSU_000\DOCUMENTS\VISUAL STUDIO 2012\PROJECTS\TSUKUYOMI\DEBUG\TSUKUYOMI.EXE
C:\USERS\SETSU_000\DOCUMENTS\VISUAL STUDIO 2012\PROJECTS\TSUKUYOMI\DEBUG\TSUKUYOMI.PDB
C:\Users\setsu_000\documents\visual studio 2012\Projects\Tsukuyomi\Tsukuyomi\Debug\BufferDeleter.obj
C:\Users\setsu_000\documents\visual studio 2012\Projects\Tsukuyomi\Tsukuyomi\Debug\Command.obj
C:\Users\setsu_000\documents\visual studio 2012\Projects\Tsukuyomi\Tsukuyomi\Debug\EventCatcher.obj
C:\Users\setsu_000\documents\visual studio 2012\Projects\Tsukuyomi\Tsukuyomi\Debug\IndexBufferObject.obj
C:\Users\setsu_000\documents\visual studio 2012\Projects\Tsukuyomi\Tsukuyomi\Debug\Input.obj
C:\Users\setsu_000\documents\visual studio 2012\Projects\Tsukuyomi\Tsukuyomi\Debug\Logger.obj
C:\Users\setsu_000\documents\visual studio 2012\Projects\Tsukuyomi\Tsukuyomi\Debug\main.obj
C:\Users\setsu_000\documents\visual studio 2012\Projects\Tsukuyomi\Tsukuyomi\Debug\Mesh.obj
C:\Users\setsu_000\documents\visual studio 2012\Projects\Tsukuyomi\Tsukuyomi\Debug\MeshElement.obj
C:\Users\setsu_000\documents\visual studio 2012\Projects\Tsukuyomi\Tsukuyomi\Debug\MeshFactory.obj
C:\Users\setsu_000\documents\visual studio 2012\Projects\Tsukuyomi\Tsukuyomi\Debug\Model.obj
C:\Users\setsu_000\documents\visual studio 2012\Projects\Tsukuyomi\Tsukuyomi\Debug\OGL.obj
C:\Users\setsu_000\documents\visual studio 2012\Projects\Tsukuyomi\Tsukuyomi\Debug\Renderer.obj
C:\Users\setsu_000\documents\visual studio 2012\Projects\Tsukuyomi\Tsukuyomi\Debug\ResourceManager.obj
C:\Users\setsu_000\documents\visual studio 2012\Projects\Tsukuyomi\Tsukuyomi\Debug\Shader.obj
C:\Users\setsu_000\documents\visual studio 2012\Projects\Tsukuyomi\Tsukuyomi\Debug\ShaderClass.obj
C:\Users\setsu_000\documents\visual studio 2012\Projects\Tsukuyomi\Tsukuyomi\Debug\ShaderDeleter.obj
C:\Users\setsu_000\documents\visual studio 2012\Projects\Tsukuyomi\Tsukuyomi\Debug\ShaderFactory.obj
C:\Users\setsu_000\documents\visual studio 2012\Projects\Tsukuyomi\Tsukuyomi\Debug\stdafx.obj
C:\Users\setsu_000\documents\visual studio 2012\Projects\Tsukuyomi\Tsukuyomi\Debug\Texture.obj
C:\Users\setsu_000\documents\visual studio 2012\Projects\Tsukuyomi\Tsukuyomi\Debug\TextureDeleter.obj
C:\Users\setsu_000\documents\visual studio 2012\Projects\Tsukuyomi\Tsukuyomi\Debug\TextureFactory.obj
C:\Users\setsu_000\documents\visual studio 2012\Projects\Tsukuyomi\Tsukuyomi\Debug\Tsukuyomi.obj
C:\Users\setsu_000\documents\visual studio 2012\Projects\Tsukuyomi\Tsukuyomi\Debug\VertexArrayObject.obj
C:\Users\setsu_000\documents\visual studio 2012\Projects\Tsukuyomi\Tsukuyomi\Debug\VertexBufferObject.obj
C:\Users\setsu_000\documents\visual studio 2012\Projects\Tsukuyomi\Tsukuyomi\Debug\Window.obj
C:\Users\setsu_000\documents\visual studio 2012\Projects\Tsukuyomi\Tsukuyomi\Debug\cl.command.1.tlog
C:\Users\setsu_000\documents\visual studio 2012\Projects\Tsukuyomi\Tsukuyomi\Debug\CL.read.1.tlog
C:\Users\setsu_000\documents\visual studio 2012\Projects\Tsukuyomi\Tsukuyomi\Debug\CL.write.1.tlog
C:\Users\setsu_000\documents\visual studio 2012\Projects\Tsukuyomi\Tsukuyomi\Debug\link-cvtres.read.1.tlog
C:\Users\setsu_000\documents\visual studio 2012\Projects\Tsukuyomi\Tsukuyomi\Debug\link-cvtres.write.1.tlog
C:\Users\setsu_000\documents\visual studio 2012\Projects\Tsukuyomi\Tsukuyomi\Debug\link-rc.read.1.tlog
C:\Users\setsu_000\documents\visual studio 2012\Projects\Tsukuyomi\Tsukuyomi\Debug\link-rc.write.1.tlog
C:\Users\setsu_000\documents\visual studio 2012\Projects\Tsukuyomi\Tsukuyomi\Debug\link.2196-cvtres.read.1.tlog
C:\Users\setsu_000\documents\visual studio 2012\Projects\Tsukuyomi\Tsukuyomi\Debug\link.2196-cvtres.write.1.tlog
C:\Users\setsu_000\documents\visual studio 2012\Projects\Tsukuyomi\Tsukuyomi\Debug\link.2196-rc.read.1.tlog
C:\Users\setsu_000\documents\visual studio 2012\Projects\Tsukuyomi\Tsukuyomi\Debug\link.2196-rc.write.1.tlog
C:\Users\setsu_000\documents\visual studio 2012\Projects\Tsukuyomi\Tsukuyomi\Debug\link.2196.read.1.tlog
C:\Users\setsu_000\documents\visual studio 2012\Projects\Tsukuyomi\Tsukuyomi\Debug\link.2196.write.1.tlog
C:\Users\setsu_000\documents\visual studio 2012\Projects\Tsukuyomi\Tsukuyomi\Debug\link.2292-cvtres.read.1.tlog
C:\Users\setsu_000\documents\visual studio 2012\Projects\Tsukuyomi\Tsukuyomi\Debug\link.2292-cvtres.write.1.tlog
C:\Users\setsu_000\documents\visual studio 2012\Projects\Tsukuyomi\Tsukuyomi\Debug\link.2292-rc.read.1.tlog
C:\Users\setsu_000\documents\visual studio 2012\Projects\Tsukuyomi\Tsukuyomi\Debug\link.2292-rc.write.1.tlog
C:\Users\setsu_000\documents\visual studio 2012\Projects\Tsukuyomi\Tsukuyomi\Debug\link.2292.read.1.tlog
C:\Users\setsu_000\documents\visual studio 2012\Projects\Tsukuyomi\Tsukuyomi\Debug\link.2292.write.1.tlog
C:\Users\setsu_000\documents\visual studio 2012\Projects\Tsukuyomi\Tsukuyomi\Debug\link.2328-cvtres.read.1.tlog
C:\Users\setsu_000\documents\visual studio 2012\Projects\Tsukuyomi\Tsukuyomi\Debug\link.2328-cvtres.write.1.tlog
C:\Users\setsu_000\documents\visual studio 2012\Projects\Tsukuyomi\Tsukuyomi\Debug\link.2328-rc.read.1.tlog
C:\Users\setsu_000\documents\visual studio 2012\Projects\Tsukuyomi\Tsukuyomi\Debug\link.2328-rc.write.1.tlog
C:\Users\setsu_000\documents\visual studio 2012\Projects\Tsukuyomi\Tsukuyomi\Debug\link.2328.read.1.tlog
C:\Users\setsu_000\documents\visual studio 2012\Projects\Tsukuyomi\Tsukuyomi\Debug\link.2328.write.1.tlog
C:\Users\setsu_000\documents\visual studio 2012\Projects\Tsukuyomi\Tsukuyomi\Debug\link.3304-cvtres.read.1.tlog
C:\Users\setsu_000\documents\visual studio 2012\Projects\Tsukuyomi\Tsukuyomi\Debug\link.3304-cvtres.write.1.tlog
C:\Users\setsu_000\documents\visual studio 2012\Projects\Tsukuyomi\Tsukuyomi\Debug\link.3304-rc.read.1.tlog
C:\Users\setsu_000\documents\visual studio 2012\Projects\Tsukuyomi\Tsukuyomi\Debug\link.3304-rc.write.1.tlog
C:\Users\setsu_000\documents\visual studio 2012\Projects\Tsukuyomi\Tsukuyomi\Debug\link.3304.read.1.tlog
C:\Users\setsu_000\documents\visual studio 2012\Projects\Tsukuyomi\Tsukuyomi\Debug\link.3304.write.1.tlog
C:\Users\setsu_000\documents\visual studio 2012\Projects\Tsukuyomi\Tsukuyomi\Debug\link.4496-cvtres.read.1.tlog
C:\Users\setsu_000\documents\visual studio 2012\Projects\Tsukuyomi\Tsukuyomi\Debug\link.4496-cvtres.write.1.tlog
C:\Users\setsu_000\documents\visual studio 2012\Projects\Tsukuyomi\Tsukuyomi\Debug\link.4496-rc.read.1.tlog
C:\Users\setsu_000\documents\visual studio 2012\Projects\Tsukuyomi\Tsukuyomi\Debug\link.4496-rc.write.1.tlog
C:\Users\setsu_000\documents\visual studio 2012\Projects\Tsukuyomi\Tsukuyomi\Debug\link.4496.read.1.tlog
C:\Users\setsu_000\documents\visual studio 2012\Projects\Tsukuyomi\Tsukuyomi\Debug\link.4496.write.1.tlog
C:\Users\setsu_000\documents\visual studio 2012\Projects\Tsukuyomi\Tsukuyomi\Debug\link.4512-cvtres.read.1.tlog
C:\Users\setsu_000\documents\visual studio 2012\Projects\Tsukuyomi\Tsukuyomi\Debug\link.4512-cvtres.write.1.tlog
C:\Users\setsu_000\documents\visual studio 2012\Projects\Tsukuyomi\Tsukuyomi\Debug\link.4512-rc.read.1.tlog
C:\Users\setsu_000\documents\visual studio 2012\Projects\Tsukuyomi\Tsukuyomi\Debug\link.4512-rc.write.1.tlog
C:\Users\setsu_000\documents\visual studio 2012\Projects\Tsukuyomi\Tsukuyomi\Debug\link.4512.read.1.tlog
C:\Users\setsu_000\documents\visual studio 2012\Projects\Tsukuyomi\Tsukuyomi\Debug\link.4512.write.1.tlog
C:\Users\setsu_000\documents\visual studio 2012\Projects\Tsukuyomi\Tsukuyomi\Debug\link.6012-cvtres.read.1.tlog
C:\Users\setsu_000\documents\visual studio 2012\Projects\Tsukuyomi\Tsukuyomi\Debug\link.6012-cvtres.write.1.tlog
C:\Users\setsu_000\documents\visual studio 2012\Projects\Tsukuyomi\Tsukuyomi\Debug\link.6012-rc.read.1.tlog
C:\Users\setsu_000\documents\visual studio 2012\Projects\Tsukuyomi\Tsukuyomi\Debug\link.6012-rc.write.1.tlog
C:\Users\setsu_000\documents\visual studio 2012\Projects\Tsukuyomi\Tsukuyomi\Debug\link.6012.read.1.tlog
C:\Users\setsu_000\documents\visual studio 2012\Projects\Tsukuyomi\Tsukuyomi\Debug\link.6012.write.1.tlog
C:\Users\setsu_000\documents\visual studio 2012\Projects\Tsukuyomi\Tsukuyomi\Debug\link.6824-cvtres.read.1.tlog
C:\Users\setsu_000\documents\visual studio 2012\Projects\Tsukuyomi\Tsukuyomi\Debug\link.6824-cvtres.write.1.tlog
C:\Users\setsu_000\documents\visual studio 2012\Projects\Tsukuyomi\Tsukuyomi\Debug\link.6824-rc.read.1.tlog
C:\Users\setsu_000\documents\visual studio 2012\Projects\Tsukuyomi\Tsukuyomi\Debug\link.6824-rc.write.1.tlog
C:\Users\setsu_000\documents\visual studio 2012\Projects\Tsukuyomi\Tsukuyomi\Debug\link.6824.read.1.tlog
C:\Users\setsu_000\documents\visual studio 2012\Projects\Tsukuyomi\Tsukuyomi\Debug\link.6824.write.1.tlog
C:\Users\setsu_000\documents\visual studio 2012\Projects\Tsukuyomi\Tsukuyomi\Debug\link.6896-cvtres.read.1.tlog
C:\Users\setsu_000\documents\visual studio 2012\Projects\Tsukuyomi\Tsukuyomi\Debug\link.6896-cvtres.write.1.tlog
C:\Users\setsu_000\documents\visual studio 2012\Projects\Tsukuyomi\Tsukuyomi\Debug\link.6896-rc.read.1.tlog
C:\Users\setsu_000\documents\visual studio 2012\Projects\Tsukuyomi\Tsukuyomi\Debug\link.6896-rc.write.1.tlog
C:\Users\setsu_000\documents\visual studio 2012\Projects\Tsukuyomi\Tsukuyomi\Debug\link.6896.read.1.tlog
C:\Users\setsu_000\documents\visual studio 2012\Projects\Tsukuyomi\Tsukuyomi\Debug\link.6896.write.1.tlog
C:\Users\setsu_000\documents\visual studio 2012\Projects\Tsukuyomi\Tsukuyomi\Debug\link.7036-cvtres.read.1.tlog
C:\Users\setsu_000\documents\visual studio 2012\Projects\Tsukuyomi\Tsukuyomi\Debug\link.7036-cvtres.write.1.tlog
C:\Users\setsu_000\documents\visual studio 2012\Projects\Tsukuyomi\Tsukuyomi\Debug\link.7036-rc.read.1.tlog
C:\Users\setsu_000\documents\visual studio 2012\Projects\Tsukuyomi\Tsukuyomi\Debug\link.7036-rc.write.1.tlog
C:\Users\setsu_000\documents\visual studio 2012\Projects\Tsukuyomi\Tsukuyomi\Debug\link.7036.read.1.tlog
C:\Users\setsu_000\documents\visual studio 2012\Projects\Tsukuyomi\Tsukuyomi\Debug\link.7036.write.1.tlog
C:\Users\setsu_000\documents\visual studio 2012\Projects\Tsukuyomi\Tsukuyomi\Debug\link.7132-cvtres.read.1.tlog
C:\Users\setsu_000\documents\visual studio 2012\Projects\Tsukuyomi\Tsukuyomi\Debug\link.7132-cvtres.write.1.tlog
C:\Users\setsu_000\documents\visual studio 2012\Projects\Tsukuyomi\Tsukuyomi\Debug\link.7132-rc.read.1.tlog
C:\Users\setsu_000\documents\visual studio 2012\Projects\Tsukuyomi\Tsukuyomi\Debug\link.7132-rc.write.1.tlog
C:\Users\setsu_000\documents\visual studio 2012\Projects\Tsukuyomi\Tsukuyomi\Debug\link.7132.read.1.tlog
C:\Users\setsu_000\documents\visual studio 2012\Projects\Tsukuyomi\Tsukuyomi\Debug\link.7132.write.1.tlog
C:\Users\setsu_000\documents\visual studio 2012\Projects\Tsukuyomi\Tsukuyomi\Debug\link.7740-cvtres.read.1.tlog
C:\Users\setsu_000\documents\visual studio 2012\Projects\Tsukuyomi\Tsukuyomi\Debug\link.7740-cvtres.write.1.tlog
C:\Users\setsu_000\documents\visual studio 2012\Projects\Tsukuyomi\Tsukuyomi\Debug\link.7740-rc.read.1.tlog
C:\Users\setsu_000\documents\visual studio 2012\Projects\Tsukuyomi\Tsukuyomi\Debug\link.7740-rc.write.1.tlog
C:\Users\setsu_000\documents\visual studio 2012\Projects\Tsukuyomi\Tsukuyomi\Debug\link.7740.read.1.tlog
C:\Users\setsu_000\documents\visual studio 2012\Projects\Tsukuyomi\Tsukuyomi\Debug\link.7740.write.1.tlog
C:\Users\setsu_000\documents\visual studio 2012\Projects\Tsukuyomi\Tsukuyomi\Debug\link.7836-cvtres.read.1.tlog
C:\Users\setsu_000\documents\visual studio 2012\Projects\Tsukuyomi\Tsukuyomi\Debug\link.7836-cvtres.write.1.tlog
C:\Users\setsu_000\documents\visual studio 2012\Projects\Tsukuyomi\Tsukuyomi\Debug\link.7836-rc.read.1.tlog
C:\Users\setsu_000\documents\visual studio 2012\Projects\Tsukuyomi\Tsukuyomi\Debug\link.7836-rc.write.1.tlog
C:\Users\setsu_000\documents\visual studio 2012\Projects\Tsukuyomi\Tsukuyomi\Debug\link.7836.read.1.tlog
C:\Users\setsu_000\documents\visual studio 2012\Projects\Tsukuyomi\Tsukuyomi\Debug\link.7836.write.1.tlog
C:\Users\setsu_000\documents\visual studio 2012\Projects\Tsukuyomi\Tsukuyomi\Debug\link.7904-cvtres.read.1.tlog
C:\Users\setsu_000\documents\visual studio 2012\Projects\Tsukuyomi\Tsukuyomi\Debug\link.7904-cvtres.write.1.tlog
C:\Users\setsu_000\documents\visual studio 2012\Projects\Tsukuyomi\Tsukuyomi\Debug\link.7904-rc.read.1.tlog
C:\Users\setsu_000\documents\visual studio 2012\Projects\Tsukuyomi\Tsukuyomi\Debug\link.7904-rc.write.1.tlog
C:\Users\setsu_000\documents\visual studio 2012\Projects\Tsukuyomi\Tsukuyomi\Debug\link.7904.read.1.tlog
C:\Users\setsu_000\documents\visual studio 2012\Projects\Tsukuyomi\Tsukuyomi\Debug\link.7904.write.1.tlog
C:\Users\setsu_000\documents\visual studio 2012\Projects\Tsukuyomi\Tsukuyomi\Debug\link.8152-cvtres.read.1.tlog
C:\Users\setsu_000\documents\visual studio 2012\Projects\Tsukuyomi\Tsukuyomi\Debug\link.8152-cvtres.write.1.tlog
C:\Users\setsu_000\documents\visual studio 2012\Projects\Tsukuyomi\Tsukuyomi\Debug\link.8152-rc.read.1.tlog
C:\Users\setsu_000\documents\visual studio 2012\Projects\Tsukuyomi\Tsukuyomi\Debug\link.8152-rc.write.1.tlog
C:\Users\setsu_000\documents\visual studio 2012\Projects\Tsukuyomi\Tsukuyomi\Debug\link.8152.read.1.tlog
C:\Users\setsu_000\documents\visual studio 2012\Projects\Tsukuyomi\Tsukuyomi\Debug\link.8152.write.1.tlog
C:\Users\setsu_000\documents\visual studio 2012\Projects\Tsukuyomi\Tsukuyomi\Debug\link.8356-cvtres.read.1.tlog
C:\Users\setsu_000\documents\visual studio 2012\Projects\Tsukuyomi\Tsukuyomi\Debug\link.8356-cvtres.write.1.tlog
C:\Users\setsu_000\documents\visual studio 2012\Projects\Tsukuyomi\Tsukuyomi\Debug\link.8356-rc.read.1.tlog
C:\Users\setsu_000\documents\visual studio 2012\Projects\Tsukuyomi\Tsukuyomi\Debug\link.8356-rc.write.1.tlog
C:\Users\setsu_000\documents\visual studio 2012\Projects\Tsukuyomi\Tsukuyomi\Debug\link.8356.read.1.tlog
C:\Users\setsu_000\documents\visual studio 2012\Projects\Tsukuyomi\Tsukuyomi\Debug\link.8356.write.1.tlog
C:\Users\setsu_000\documents\visual studio 2012\Projects\Tsukuyomi\Tsukuyomi\Debug\link.8928-cvtres.read.1.tlog
C:\Users\setsu_000\documents\visual studio 2012\Projects\Tsukuyomi\Tsukuyomi\Debug\link.8928-cvtres.write.1.tlog
C:\Users\setsu_000\documents\visual studio 2012\Projects\Tsukuyomi\Tsukuyomi\Debug\link.8928-rc.read.1.tlog
C:\Users\setsu_000\documents\visual studio 2012\Projects\Tsukuyomi\Tsukuyomi\Debug\link.8928-rc.write.1.tlog
C:\Users\setsu_000\documents\visual studio 2012\Projects\Tsukuyomi\Tsukuyomi\Debug\link.8928.read.1.tlog
C:\Users\setsu_000\documents\visual studio 2012\Projects\Tsukuyomi\Tsukuyomi\Debug\link.8928.write.1.tlog
C:\Users\setsu_000\documents\visual studio 2012\Projects\Tsukuyomi\Tsukuyomi\Debug\link.9372-cvtres.read.1.tlog
C:\Users\setsu_000\documents\visual studio 2012\Projects\Tsukuyomi\Tsukuyomi\Debug\link.9372-cvtres.write.1.tlog
C:\Users\setsu_000\documents\visual studio 2012\Projects\Tsukuyomi\Tsukuyomi\Debug\link.9372-rc.read.1.tlog
C:\Users\setsu_000\documents\visual studio 2012\Projects\Tsukuyomi\Tsukuyomi\Debug\link.9372-rc.write.1.tlog
C:\Users\setsu_000\documents\visual studio 2012\Projects\Tsukuyomi\Tsukuyomi\Debug\link.9372.read.1.tlog
C:\Users\setsu_000\documents\visual studio 2012\Projects\Tsukuyomi\Tsukuyomi\Debug\link.9372.write.1.tlog
C:\Users\setsu_000\documents\visual studio 2012\Projects\Tsukuyomi\Tsukuyomi\Debug\link.9984-cvtres.read.1.tlog
C:\Users\setsu_000\documents\visual studio 2012\Projects\Tsukuyomi\Tsukuyomi\Debug\link.9984-cvtres.write.1.tlog
C:\Users\setsu_000\documents\visual studio 2012\Projects\Tsukuyomi\Tsukuyomi\Debug\link.9984-rc.read.1.tlog
C:\Users\setsu_000\documents\visual studio 2012\Projects\Tsukuyomi\Tsukuyomi\Debug\link.9984-rc.write.1.tlog
C:\Users\setsu_000\documents\visual studio 2012\Projects\Tsukuyomi\Tsukuyomi\Debug\link.9984.read.1.tlog
C:\Users\setsu_000\documents\visual studio 2012\Projects\Tsukuyomi\Tsukuyomi\Debug\link.9984.write.1.tlog
C:\Users\setsu_000\documents\visual studio 2012\Projects\Tsukuyomi\Tsukuyomi\Debug\link.command.1.tlog
C:\Users\setsu_000\documents\visual studio 2012\Projects\Tsukuyomi\Tsukuyomi\Debug\link.read.1.tlog
C:\Users\setsu_000\documents\visual studio 2012\Projects\Tsukuyomi\Tsukuyomi\Debug\link.write.1.tlog
C:\Users\setsu_000\documents\visual studio 2012\Projects\Tsukuyomi\Tsukuyomi\Debug\Tsukuyomi.pch
C:\Users\setsu_000\documents\visual studio 2012\Projects\Tsukuyomi\Tsukuyomi\Debug\vc110.idb
C:\Users\setsu_000\documents\visual studio 2012\Projects\Tsukuyomi\Tsukuyomi\Debug\vc110.pdb
C:\Users\setsu_000\documents\visual studio 2012\Projects\Tsukuyomi\Debug\Tsukuyomi.pdb
C:\Users\setsu_000\documents\visual studio 2012\Projects\Tsukuyomi\Debug\Tsukuyomi.exe
C:\Users\setsu_000\documents\visual studio 2012\Projects\Tsukuyomi\Debug\Tsukuyomi.ilk
